2024-04-16 00:34:56,539 [Worker-8: Loading available Gradle versions] INFO  o.e.b.c.i.u.g.PublishedGradleVersions - Gradle version information cache is up-to-date. Trying to read.
2024-04-16 00:37:02,690 [Worker-158: Enabling Maven Dependency Management] INFO  o.e.m.c.i.l.LifecycleMappingFactory - Using org.maven.ide.eclipse.wtp.WarLifecycleMapping lifecycle mapping for MavenProject: FileUploadServlet:FileUploadServlet:0.0.1-SNAPSHOT @ C:\Users\Jacqueline\eclipse-workspacev3\FileUploadServlet\pom.xml.
2024-04-16 00:37:03,728 [Worker-200: Building] WARN  o.e.m.c.i.embedder.EclipseLogger - Using platform encoding (UTF-8 actually) to copy filtered resources, i.e. build is platform dependent!
2024-04-16 00:37:03,728 [Worker-200: Building] INFO  o.e.m.c.i.embedder.EclipseLogger - skip non existing resourceDirectory C:\Users\Jacqueline\eclipse-workspacev3\FileUploadServlet\src\main\resources
2024-04-16 00:37:03,730 [Worker-200: Building] WARN  o.e.m.c.i.embedder.EclipseLogger - Using platform encoding (UTF-8 actually) to copy filtered resources, i.e. build is platform dependent!
2024-04-16 00:37:03,730 [Worker-200: Building] INFO  o.e.m.c.i.embedder.EclipseLogger - skip non existing resourceDirectory C:\Users\Jacqueline\eclipse-workspacev3\FileUploadServlet\src\test\resources
2024-04-16 00:37:03,843 [Worker-158: Enabling Maven Dependency Management] INFO  o.e.m.j.i.AbstractJavaProjectConfigurator - Adding source folder /FileUploadServlet/src/main/java
2024-04-16 00:37:03,843 [Worker-158: Enabling Maven Dependency Management] INFO  o.e.m.j.i.AbstractJavaProjectConfigurator - Adding source folder /FileUploadServlet/src/test/java
2024-04-16 00:37:03,910 [Worker-158: Enabling Maven Dependency Management] INFO  o.e.m.c.i.p.ProjectConfigurationManager - Update started
2024-04-16 00:37:04,003 [Worker-158: Enabling Maven Dependency Management] INFO  o.e.m.c.i.l.LifecycleMappingFactory - Using org.maven.ide.eclipse.wtp.WarLifecycleMapping lifecycle mapping for MavenProject: FileUploadServlet:FileUploadServlet:0.0.1-SNAPSHOT @ C:\Users\Jacqueline\eclipse-workspacev3\FileUploadServlet\pom.xml.
2024-04-16 00:37:04,183 [Worker-158: Enabling Maven Dependency Management] INFO  o.e.m.j.i.AbstractJavaProjectConfigurator - Adding source folder /FileUploadServlet/src/main/java
2024-04-16 00:37:04,183 [Worker-158: Enabling Maven Dependency Management] INFO  o.e.m.j.i.AbstractJavaProjectConfigurator - Adding source folder /FileUploadServlet/src/test/java
2024-04-16 00:37:04,240 [Worker-158: Enabling Maven Dependency Management] INFO  o.e.m.w.i.f.ResourceFilteringBuildParticipant - Cleaning filtered folder for FileUploadServlet
2024-04-16 00:37:04,244 [Worker-158: Enabling Maven Dependency Management] INFO  o.e.m.c.i.p.ProjectConfigurationManager - Update completed for 1 poms: local refresh takes 0.00 sec, refresh facades takes 0.00 sec, update config takes 0.00 sec 
2024-04-16 00:37:04,900 [Worker-158: Building] WARN  o.e.m.c.i.embedder.EclipseLogger - Using platform encoding (UTF-8 actually) to copy filtered resources, i.e. build is platform dependent!
2024-04-16 00:37:04,901 [Worker-158: Building] INFO  o.e.m.c.i.embedder.EclipseLogger - skip non existing resourceDirectory C:\Users\Jacqueline\eclipse-workspacev3\FileUploadServlet\src\main\resources
2024-04-16 00:37:04,902 [Worker-158: Building] WARN  o.e.m.c.i.embedder.EclipseLogger - Using platform encoding (UTF-8 actually) to copy filtered resources, i.e. build is platform dependent!
2024-04-16 00:37:04,902 [Worker-158: Building] INFO  o.e.m.c.i.embedder.EclipseLogger - skip non existing resourceDirectory C:\Users\Jacqueline\eclipse-workspacev3\FileUploadServlet\src\test\resources
2024-04-16 00:37:04,902 [Worker-158: Building] INFO  o.e.m.w.i.f.ResourceFilteringBuildParticipant - Changed resources require a complete clean of filtered resources of FileUploadServlet
2024-04-16 00:37:04,902 [Worker-158: Building] INFO  o.e.m.w.i.f.ResourceFilteringBuildParticipant - Executing resource filtering for FileUploadServlet
2024-04-16 00:37:04,925 [Worker-158: Building] WARN  o.e.m.c.i.embedder.EclipseLogger - Using platform encoding (UTF-8 actually) to copy filtered resources, i.e. build is platform dependent!
2024-04-16 00:37:36,762 [Worker-126: Building] INFO  o.e.m.c.i.l.LifecycleMappingFactory - Using org.maven.ide.eclipse.wtp.WarLifecycleMapping lifecycle mapping for MavenProject: MyServer:MyServer:0.0.1-SNAPSHOT @ C:\Users\Jacqueline\eclipse-workspacev3\FileUploadServlet\pom.xml.
2024-04-16 00:37:36,912 [Worker-126: Building] WARN  o.e.m.c.i.embedder.EclipseLogger - Using platform encoding (UTF-8 actually) to copy filtered resources, i.e. build is platform dependent!
2024-04-16 00:37:36,913 [Worker-126: Building] INFO  o.e.m.c.i.embedder.EclipseLogger - skip non existing resourceDirectory C:\Users\Jacqueline\eclipse-workspacev3\FileUploadServlet\src\main\resources
2024-04-16 00:37:36,914 [Worker-126: Building] WARN  o.e.m.c.i.embedder.EclipseLogger - Using platform encoding (UTF-8 actually) to copy filtered resources, i.e. build is platform dependent!
2024-04-16 00:37:36,914 [Worker-126: Building] INFO  o.e.m.c.i.embedder.EclipseLogger - skip non existing resourceDirectory C:\Users\Jacqueline\eclipse-workspacev3\FileUploadServlet\src\test\resources
2024-04-16 00:37:36,915 [Worker-126: Building] INFO  o.e.m.w.i.f.ResourceFilteringBuildParticipant - Changed resources require a complete clean of filtered resources of FileUploadServlet
2024-04-16 00:37:36,915 [Worker-126: Building] INFO  o.e.m.w.i.f.ResourceFilteringBuildParticipant - Executing resource filtering for FileUploadServlet
2024-04-16 00:37:36,916 [Worker-126: Building] WARN  o.e.m.c.i.embedder.EclipseLogger - Using platform encoding (UTF-8 actually) to copy filtered resources, i.e. build is platform dependent!
2024-04-16 00:37:36,935 [Worker-158: Updating Maven Project] INFO  o.e.m.c.i.p.ProjectConfigurationManager - Update started
2024-04-16 00:37:36,994 [Worker-158: Updating Maven Project] INFO  o.e.m.c.i.l.LifecycleMappingFactory - Using org.maven.ide.eclipse.wtp.WarLifecycleMapping lifecycle mapping for MavenProject: MyServer:MyServer:0.0.1-SNAPSHOT @ C:\Users\Jacqueline\eclipse-workspacev3\FileUploadServlet\pom.xml.
2024-04-16 00:37:37,112 [Worker-158: Updating Maven Project] INFO  o.e.m.j.i.AbstractJavaProjectConfigurator - Adding source folder /FileUploadServlet/src/main/java
2024-04-16 00:37:37,112 [Worker-158: Updating Maven Project] INFO  o.e.m.j.i.AbstractJavaProjectConfigurator - Adding source folder /FileUploadServlet/src/test/java
2024-04-16 00:37:37,250 [Worker-158: Updating Maven Project] INFO  o.e.m.w.i.f.ResourceFilteringBuildParticipant - Cleaning filtered folder for FileUploadServlet
2024-04-16 00:37:37,252 [Worker-158: Updating Maven Project] INFO  o.e.m.c.i.p.ProjectConfigurationManager - Update completed for 1 poms: local refresh takes 0.00 sec, refresh facades takes 0.00 sec, update config takes 0.00 sec 
2024-04-16 00:37:37,771 [Worker-200: Building Project FileUploadServlet] WARN  o.e.m.c.i.embedder.EclipseLogger - Using platform encoding (UTF-8 actually) to copy filtered resources, i.e. build is platform dependent!
2024-04-16 00:37:37,771 [Worker-200: Building Project FileUploadServlet] INFO  o.e.m.c.i.embedder.EclipseLogger - skip non existing resourceDirectory C:\Users\Jacqueline\eclipse-workspacev3\FileUploadServlet\src\main\resources
2024-04-16 00:37:37,772 [Worker-200: Building Project FileUploadServlet] WARN  o.e.m.c.i.embedder.EclipseLogger - Using platform encoding (UTF-8 actually) to copy filtered resources, i.e. build is platform dependent!
2024-04-16 00:37:37,772 [Worker-200: Building Project FileUploadServlet] INFO  o.e.m.c.i.embedder.EclipseLogger - skip non existing resourceDirectory C:\Users\Jacqueline\eclipse-workspacev3\FileUploadServlet\src\test\resources
2024-04-16 00:37:37,772 [Worker-200: Building Project FileUploadServlet] INFO  o.e.m.w.i.f.ResourceFilteringBuildParticipant - Changed resources require a complete clean of filtered resources of FileUploadServlet
2024-04-16 00:37:37,772 [Worker-200: Building Project FileUploadServlet] INFO  o.e.m.w.i.f.ResourceFilteringBuildParticipant - Executing resource filtering for FileUploadServlet
2024-04-16 00:37:37,773 [Worker-200: Building Project FileUploadServlet] WARN  o.e.m.c.i.embedder.EclipseLogger - Using platform encoding (UTF-8 actually) to copy filtered resources, i.e. build is platform dependent!
2024-04-16 00:37:57,360 [Worker-126: Building] INFO  o.e.m.c.i.l.LifecycleMappingFactory - Using org.maven.ide.eclipse.wtp.WarLifecycleMapping lifecycle mapping for MavenProject: MyServer:MyServer:0.0.1-SNAPSHOT @ C:\Users\Jacqueline\eclipse-workspacev3\FileUploadServlet\pom.xml.
2024-04-16 00:37:57,467 [Worker-126: Building] WARN  o.e.m.c.i.embedder.EclipseLogger - Using platform encoding (UTF-8 actually) to copy filtered resources, i.e. build is platform dependent!
2024-04-16 00:37:57,468 [Worker-126: Building] INFO  o.e.m.c.i.embedder.EclipseLogger - skip non existing resourceDirectory C:\Users\Jacqueline\eclipse-workspacev3\FileUploadServlet\src\main\resources
2024-04-16 00:37:57,469 [Worker-126: Building] WARN  o.e.m.c.i.embedder.EclipseLogger - Using platform encoding (UTF-8 actually) to copy filtered resources, i.e. build is platform dependent!
2024-04-16 00:37:57,469 [Worker-126: Building] INFO  o.e.m.c.i.embedder.EclipseLogger - skip non existing resourceDirectory C:\Users\Jacqueline\eclipse-workspacev3\FileUploadServlet\src\test\resources
2024-04-16 00:37:57,469 [Worker-126: Building] INFO  o.e.m.w.i.f.ResourceFilteringBuildParticipant - Changed resources require a complete clean of filtered resources of FileUploadServlet
2024-04-16 00:37:57,469 [Worker-126: Building] INFO  o.e.m.w.i.f.ResourceFilteringBuildParticipant - Executing resource filtering for FileUploadServlet
2024-04-16 00:37:57,471 [Worker-126: Building] WARN  o.e.m.c.i.embedder.EclipseLogger - Using platform encoding (UTF-8 actually) to copy filtered resources, i.e. build is platform dependent!
2024-04-16 00:39:06,160 [Worker-200: Building] WARN  o.e.m.c.i.embedder.EclipseLogger - Using platform encoding (UTF-8 actually) to copy filtered resources, i.e. build is platform dependent!
2024-04-16 00:39:06,161 [Worker-200: Building] INFO  o.e.m.c.i.embedder.EclipseLogger - skip non existing resourceDirectory C:\Users\Jacqueline\eclipse-workspacev3\FileUploadServlet\src\main\resources
2024-04-16 00:39:06,161 [Worker-200: Building] WARN  o.e.m.c.i.embedder.EclipseLogger - Using platform encoding (UTF-8 actually) to copy filtered resources, i.e. build is platform dependent!
2024-04-16 00:39:06,161 [Worker-200: Building] INFO  o.e.m.c.i.embedder.EclipseLogger - skip non existing resourceDirectory C:\Users\Jacqueline\eclipse-workspacev3\FileUploadServlet\src\test\resources
2024-04-16 00:39:30,590 [Worker-183: Building] WARN  o.e.m.c.i.embedder.EclipseLogger - Using platform encoding (UTF-8 actually) to copy filtered resources, i.e. build is platform dependent!
2024-04-16 00:39:30,591 [Worker-183: Building] INFO  o.e.m.c.i.embedder.EclipseLogger - skip non existing resourceDirectory C:\Users\Jacqueline\eclipse-workspacev3\FileUploadServlet\src\main\resources
2024-04-16 00:39:30,591 [Worker-183: Building] WARN  o.e.m.c.i.embedder.EclipseLogger - Using platform encoding (UTF-8 actually) to copy filtered resources, i.e. build is platform dependent!
2024-04-16 00:39:30,592 [Worker-183: Building] INFO  o.e.m.c.i.embedder.EclipseLogger - skip non existing resourceDirectory C:\Users\Jacqueline\eclipse-workspacev3\FileUploadServlet\src\test\resources
2024-04-16 00:39:34,403 [Worker-158: Building] WARN  o.e.m.c.i.embedder.EclipseLogger - Using platform encoding (UTF-8 actually) to copy filtered resources, i.e. build is platform dependent!
2024-04-16 00:39:34,404 [Worker-158: Building] INFO  o.e.m.c.i.embedder.EclipseLogger - skip non existing resourceDirectory C:\Users\Jacqueline\eclipse-workspacev3\FileUploadServlet\src\main\resources
2024-04-16 00:39:34,404 [Worker-158: Building] WARN  o.e.m.c.i.embedder.EclipseLogger - Using platform encoding (UTF-8 actually) to copy filtered resources, i.e. build is platform dependent!
2024-04-16 00:39:34,405 [Worker-158: Building] INFO  o.e.m.c.i.embedder.EclipseLogger - skip non existing resourceDirectory C:\Users\Jacqueline\eclipse-workspacev3\FileUploadServlet\src\test\resources
2024-04-16 00:40:08,117 [Worker-182: Building] WARN  o.e.m.c.i.embedder.EclipseLogger - Using platform encoding (UTF-8 actually) to copy filtered resources, i.e. build is platform dependent!
2024-04-16 00:40:08,117 [Worker-182: Building] INFO  o.e.m.c.i.embedder.EclipseLogger - skip non existing resourceDirectory C:\Users\Jacqueline\eclipse-workspacev3\FileUploadServlet\src\main\resources
2024-04-16 00:40:08,118 [Worker-182: Building] WARN  o.e.m.c.i.embedder.EclipseLogger - Using platform encoding (UTF-8 actually) to copy filtered resources, i.e. build is platform dependent!
2024-04-16 00:40:08,118 [Worker-182: Building] INFO  o.e.m.c.i.embedder.EclipseLogger - skip non existing resourceDirectory C:\Users\Jacqueline\eclipse-workspacev3\FileUploadServlet\src\test\resources
2024-04-16 00:40:14,859 [Worker-200: Building] WARN  o.e.m.c.i.embedder.EclipseLogger - Using platform encoding (UTF-8 actually) to copy filtered resources, i.e. build is platform dependent!
2024-04-16 00:40:14,859 [Worker-200: Building] INFO  o.e.m.c.i.embedder.EclipseLogger - skip non existing resourceDirectory C:\Users\Jacqueline\eclipse-workspacev3\FileUploadServlet\src\main\resources
2024-04-16 00:40:14,860 [Worker-200: Building] WARN  o.e.m.c.i.embedder.EclipseLogger - Using platform encoding (UTF-8 actually) to copy filtered resources, i.e. build is platform dependent!
2024-04-16 00:40:14,860 [Worker-200: Building] INFO  o.e.m.c.i.embedder.EclipseLogger - skip non existing resourceDirectory C:\Users\Jacqueline\eclipse-workspacev3\FileUploadServlet\src\test\resources
2024-04-16 00:40:18,937 [Worker-96: Building] WARN  o.e.m.c.i.embedder.EclipseLogger - Using platform encoding (UTF-8 actually) to copy filtered resources, i.e. build is platform dependent!
2024-04-16 00:40:18,938 [Worker-96: Building] INFO  o.e.m.c.i.embedder.EclipseLogger - skip non existing resourceDirectory C:\Users\Jacqueline\eclipse-workspacev3\FileUploadServlet\src\main\resources
2024-04-16 00:40:18,938 [Worker-96: Building] WARN  o.e.m.c.i.embedder.EclipseLogger - Using platform encoding (UTF-8 actually) to copy filtered resources, i.e. build is platform dependent!
2024-04-16 00:40:18,939 [Worker-96: Building] INFO  o.e.m.c.i.embedder.EclipseLogger - skip non existing resourceDirectory C:\Users\Jacqueline\eclipse-workspacev3\FileUploadServlet\src\test\resources
2024-04-16 00:40:53,353 [main] INFO  o.e.m2e.actions.ExecutePomAction - Creating new launch configuration
2024-04-16 00:40:59,878 [Worker-145: Launching FileUploadServlet] INFO  o.eclipse.m2e.core.internal.Bundles - getClasspathEntries(Bundle=org.eclipse.m2e.maven.runtime_3.8.604.20221130-2149 [603])
2024-04-16 00:40:59,879 [Worker-145: Launching FileUploadServlet] INFO  o.eclipse.m2e.core.internal.Bundles - 	Entry: C:\Users\Jacqueline\.p2\pool\plugins\org.eclipse.m2e.maven.runtime_3.8.604.20221130-2149
2024-04-16 00:40:59,879 [Worker-145: Launching FileUploadServlet] INFO  o.eclipse.m2e.core.internal.Bundles - 	Entry: C:\Users\Jacqueline\.p2\pool\plugins\org.eclipse.m2e.maven.runtime_3.8.604.20221130-2149\jars\aether-connector-okhttp-0.17.8.jar
2024-04-16 00:40:59,880 [Worker-145: Launching FileUploadServlet] INFO  o.eclipse.m2e.core.internal.Bundles - 	Entry: C:\Users\Jacqueline\.p2\pool\plugins\org.eclipse.m2e.maven.runtime_3.8.604.20221130-2149\jars\commons-cli-1.4.jar
2024-04-16 00:40:59,880 [Worker-145: Launching FileUploadServlet] INFO  o.eclipse.m2e.core.internal.Bundles - 	Entry: C:\Users\Jacqueline\.p2\pool\plugins\org.eclipse.m2e.maven.runtime_3.8.604.20221130-2149\jars\commons-io-2.6.jar
2024-04-16 00:40:59,880 [Worker-145: Launching FileUploadServlet] INFO  o.eclipse.m2e.core.internal.Bundles - 	Entry: C:\Users\Jacqueline\.p2\pool\plugins\org.eclipse.m2e.maven.runtime_3.8.604.20221130-2149\jars\commons-lang3-3.8.1.jar
2024-04-16 00:40:59,880 [Worker-145: Launching FileUploadServlet] INFO  o.eclipse.m2e.core.internal.Bundles - 	Entry: C:\Users\Jacqueline\.p2\pool\plugins\org.eclipse.m2e.maven.runtime_3.8.604.20221130-2149\jars\guice-4.2.2-no_aop.jar
2024-04-16 00:40:59,880 [Worker-145: Launching FileUploadServlet] INFO  o.eclipse.m2e.core.internal.Bundles - 	Entry: C:\Users\Jacqueline\.p2\pool\plugins\org.eclipse.m2e.maven.runtime_3.8.604.20221130-2149\jars\jansi-2.4.0.jar
2024-04-16 00:40:59,880 [Worker-145: Launching FileUploadServlet] INFO  o.eclipse.m2e.core.internal.Bundles - 	Entry: C:\Users\Jacqueline\.p2\pool\plugins\org.eclipse.m2e.maven.runtime_3.8.604.20221130-2149\jars\maven-artifact-3.8.6.jar
2024-04-16 00:40:59,880 [Worker-145: Launching FileUploadServlet] INFO  o.eclipse.m2e.core.internal.Bundles - 	Entry: C:\Users\Jacqueline\.p2\pool\plugins\org.eclipse.m2e.maven.runtime_3.8.604.20221130-2149\jars\maven-builder-support-3.8.6.jar
2024-04-16 00:40:59,880 [Worker-145: Launching FileUploadServlet] INFO  o.eclipse.m2e.core.internal.Bundles - 	Entry: C:\Users\Jacqueline\.p2\pool\plugins\org.eclipse.m2e.maven.runtime_3.8.604.20221130-2149\jars\maven-compat-3.8.6.jar
2024-04-16 00:40:59,880 [Worker-145: Launching FileUploadServlet] INFO  o.eclipse.m2e.core.internal.Bundles - 	Entry: C:\Users\Jacqueline\.p2\pool\plugins\org.eclipse.m2e.maven.runtime_3.8.604.20221130-2149\jars\maven-core-3.8.6.jar
2024-04-16 00:40:59,881 [Worker-145: Launching FileUploadServlet] INFO  o.eclipse.m2e.core.internal.Bundles - 	Entry: C:\Users\Jacqueline\.p2\pool\plugins\org.eclipse.m2e.maven.runtime_3.8.604.20221130-2149\jars\maven-embedder-3.8.6.jar
2024-04-16 00:40:59,881 [Worker-145: Launching FileUploadServlet] INFO  o.eclipse.m2e.core.internal.Bundles - 	Entry: C:\Users\Jacqueline\.p2\pool\plugins\org.eclipse.m2e.maven.runtime_3.8.604.20221130-2149\jars\maven-model-3.8.6.jar
2024-04-16 00:40:59,881 [Worker-145: Launching FileUploadServlet] INFO  o.eclipse.m2e.core.internal.Bundles - 	Entry: C:\Users\Jacqueline\.p2\pool\plugins\org.eclipse.m2e.maven.runtime_3.8.604.20221130-2149\jars\maven-model-builder-3.8.6.jar
2024-04-16 00:40:59,881 [Worker-145: Launching FileUploadServlet] INFO  o.eclipse.m2e.core.internal.Bundles - 	Entry: C:\Users\Jacqueline\.p2\pool\plugins\org.eclipse.m2e.maven.runtime_3.8.604.20221130-2149\jars\maven-plugin-api-3.8.6.jar
2024-04-16 00:40:59,881 [Worker-145: Launching FileUploadServlet] INFO  o.eclipse.m2e.core.internal.Bundles - 	Entry: C:\Users\Jacqueline\.p2\pool\plugins\org.eclipse.m2e.maven.runtime_3.8.604.20221130-2149\jars\maven-repository-metadata-3.8.6.jar
2024-04-16 00:40:59,881 [Worker-145: Launching FileUploadServlet] INFO  o.eclipse.m2e.core.internal.Bundles - 	Entry: C:\Users\Jacqueline\.p2\pool\plugins\org.eclipse.m2e.maven.runtime_3.8.604.20221130-2149\jars\maven-resolver-api-1.6.3.jar
2024-04-16 00:40:59,881 [Worker-145: Launching FileUploadServlet] INFO  o.eclipse.m2e.core.internal.Bundles - 	Entry: C:\Users\Jacqueline\.p2\pool\plugins\org.eclipse.m2e.maven.runtime_3.8.604.20221130-2149\jars\maven-resolver-connector-basic-1.6.3.jar
2024-04-16 00:40:59,881 [Worker-145: Launching FileUploadServlet] INFO  o.eclipse.m2e.core.internal.Bundles - 	Entry: C:\Users\Jacqueline\.p2\pool\plugins\org.eclipse.m2e.maven.runtime_3.8.604.20221130-2149\jars\maven-resolver-impl-1.6.3.jar
2024-04-16 00:40:59,881 [Worker-145: Launching FileUploadServlet] INFO  o.eclipse.m2e.core.internal.Bundles - 	Entry: C:\Users\Jacqueline\.p2\pool\plugins\org.eclipse.m2e.maven.runtime_3.8.604.20221130-2149\jars\maven-resolver-provider-3.8.6.jar
2024-04-16 00:40:59,881 [Worker-145: Launching FileUploadServlet] INFO  o.eclipse.m2e.core.internal.Bundles - 	Entry: C:\Users\Jacqueline\.p2\pool\plugins\org.eclipse.m2e.maven.runtime_3.8.604.20221130-2149\jars\maven-resolver-spi-1.6.3.jar
2024-04-16 00:40:59,882 [Worker-145: Launching FileUploadServlet] INFO  o.eclipse.m2e.core.internal.Bundles - 	Entry: C:\Users\Jacqueline\.p2\pool\plugins\org.eclipse.m2e.maven.runtime_3.8.604.20221130-2149\jars\maven-resolver-transport-wagon-1.6.3.jar
2024-04-16 00:40:59,882 [Worker-145: Launching FileUploadServlet] INFO  o.eclipse.m2e.core.internal.Bundles - 	Entry: C:\Users\Jacqueline\.p2\pool\plugins\org.eclipse.m2e.maven.runtime_3.8.604.20221130-2149\jars\maven-resolver-util-1.6.3.jar
2024-04-16 00:40:59,882 [Worker-145: Launching FileUploadServlet] INFO  o.eclipse.m2e.core.internal.Bundles - 	Entry: C:\Users\Jacqueline\.p2\pool\plugins\org.eclipse.m2e.maven.runtime_3.8.604.20221130-2149\jars\maven-settings-3.8.6.jar
2024-04-16 00:40:59,882 [Worker-145: Launching FileUploadServlet] INFO  o.eclipse.m2e.core.internal.Bundles - 	Entry: C:\Users\Jacqueline\.p2\pool\plugins\org.eclipse.m2e.maven.runtime_3.8.604.20221130-2149\jars\maven-settings-builder-3.8.6.jar
2024-04-16 00:40:59,882 [Worker-145: Launching FileUploadServlet] INFO  o.eclipse.m2e.core.internal.Bundles - 	Entry: C:\Users\Jacqueline\.p2\pool\plugins\org.eclipse.m2e.maven.runtime_3.8.604.20221130-2149\jars\maven-shared-utils-3.3.4.jar
2024-04-16 00:40:59,882 [Worker-145: Launching FileUploadServlet] INFO  o.eclipse.m2e.core.internal.Bundles - 	Entry: C:\Users\Jacqueline\.p2\pool\plugins\org.eclipse.m2e.maven.runtime_3.8.604.20221130-2149\jars\okhttp-3.14.1.jar
2024-04-16 00:40:59,882 [Worker-145: Launching FileUploadServlet] INFO  o.eclipse.m2e.core.internal.Bundles - 	Entry: C:\Users\Jacqueline\.p2\pool\plugins\org.eclipse.m2e.maven.runtime_3.8.604.20221130-2149\jars\okio-1.17.3.jar
2024-04-16 00:40:59,882 [Worker-145: Launching FileUploadServlet] INFO  o.eclipse.m2e.core.internal.Bundles - 	Entry: C:\Users\Jacqueline\.p2\pool\plugins\org.eclipse.m2e.maven.runtime_3.8.604.20221130-2149\jars\org.eclipse.sisu.inject-0.3.5.jar
2024-04-16 00:40:59,882 [Worker-145: Launching FileUploadServlet] INFO  o.eclipse.m2e.core.internal.Bundles - 	Entry: C:\Users\Jacqueline\.p2\pool\plugins\org.eclipse.m2e.maven.runtime_3.8.604.20221130-2149\jars\org.eclipse.sisu.plexus-0.3.5.jar
2024-04-16 00:40:59,882 [Worker-145: Launching FileUploadServlet] INFO  o.eclipse.m2e.core.internal.Bundles - 	Entry: C:\Users\Jacqueline\.p2\pool\plugins\org.eclipse.m2e.maven.runtime_3.8.604.20221130-2149\jars\plexus-build-api-0.0.7.jar
2024-04-16 00:40:59,882 [Worker-145: Launching FileUploadServlet] INFO  o.eclipse.m2e.core.internal.Bundles - 	Entry: C:\Users\Jacqueline\.p2\pool\plugins\org.eclipse.m2e.maven.runtime_3.8.604.20221130-2149\jars\plexus-cipher-2.0.jar
2024-04-16 00:40:59,882 [Worker-145: Launching FileUploadServlet] INFO  o.eclipse.m2e.core.internal.Bundles - 	Entry: C:\Users\Jacqueline\.p2\pool\plugins\org.eclipse.m2e.maven.runtime_3.8.604.20221130-2149\jars\plexus-classworlds-2.6.0.jar
2024-04-16 00:40:59,882 [Worker-145: Launching FileUploadServlet] INFO  o.eclipse.m2e.core.internal.Bundles - 	Entry: C:\Users\Jacqueline\.p2\pool\plugins\org.eclipse.m2e.maven.runtime_3.8.604.20221130-2149\jars\plexus-component-annotations-2.1.0.jar
2024-04-16 00:40:59,882 [Worker-145: Launching FileUploadServlet] INFO  o.eclipse.m2e.core.internal.Bundles - 	Entry: C:\Users\Jacqueline\.p2\pool\plugins\org.eclipse.m2e.maven.runtime_3.8.604.20221130-2149\jars\plexus-interpolation-1.26.jar
2024-04-16 00:40:59,882 [Worker-145: Launching FileUploadServlet] INFO  o.eclipse.m2e.core.internal.Bundles - 	Entry: C:\Users\Jacqueline\.p2\pool\plugins\org.eclipse.m2e.maven.runtime_3.8.604.20221130-2149\jars\plexus-sec-dispatcher-2.0.jar
2024-04-16 00:40:59,882 [Worker-145: Launching FileUploadServlet] INFO  o.eclipse.m2e.core.internal.Bundles - 	Entry: C:\Users\Jacqueline\.p2\pool\plugins\org.eclipse.m2e.maven.runtime_3.8.604.20221130-2149\jars\plexus-utils-3.3.1.jar
2024-04-16 00:40:59,882 [Worker-145: Launching FileUploadServlet] INFO  o.eclipse.m2e.core.internal.Bundles - 	Entry: C:\Users\Jacqueline\.p2\pool\plugins\org.eclipse.m2e.maven.runtime_3.8.604.20221130-2149\jars\wagon-file-3.5.1.jar
2024-04-16 00:40:59,882 [Worker-145: Launching FileUploadServlet] INFO  o.eclipse.m2e.core.internal.Bundles - 	Entry: C:\Users\Jacqueline\.p2\pool\plugins\org.eclipse.m2e.maven.runtime_3.8.604.20221130-2149\jars\wagon-provider-api-3.5.1.jar
2024-04-16 00:40:59,883 [Worker-145: Launching FileUploadServlet] INFO  o.eclipse.m2e.core.internal.Bundles - getClasspathEntries(Bundle=com.google.guava_30.1.0.v20221112-0806 [10])
2024-04-16 00:40:59,888 [Worker-145: Launching FileUploadServlet] INFO  o.eclipse.m2e.core.internal.Bundles - 	Entry: C:\Users\Jacqueline\.p2\pool\plugins\com.google.guava_30.1.0.v20221112-0806.jar
2024-04-16 00:40:59,888 [Worker-145: Launching FileUploadServlet] INFO  o.eclipse.m2e.core.internal.Bundles - getClasspathEntries(Bundle=slf4j.api_1.7.36 [915])
2024-04-16 00:40:59,960 [Worker-145: Launching FileUploadServlet] INFO  o.eclipse.m2e.core.internal.Bundles - 	Entry: C:\Users\Jacqueline\.p2\pool\plugins\slf4j.api_1.7.36.jar
2024-04-16 00:40:59,960 [Worker-145: Launching FileUploadServlet] INFO  o.eclipse.m2e.core.internal.Bundles - getClasspathEntries(Bundle=javax.inject_1.0.0.v20220405-0441 [32])
2024-04-16 00:41:00,009 [Worker-145: Launching FileUploadServlet] INFO  o.eclipse.m2e.core.internal.Bundles - 	Entry: C:\Users\Jacqueline\.p2\pool\plugins\javax.inject_1.0.0.v20220405-0441.jar
2024-04-16 00:41:00,009 [Worker-145: Launching FileUploadServlet] INFO  o.eclipse.m2e.core.internal.Bundles - getClasspathEntries(Bundle=javax.annotation_1.3.5.v20221112-0806 [30])
2024-04-16 00:41:00,087 [Worker-145: Launching FileUploadServlet] INFO  o.eclipse.m2e.core.internal.Bundles - 	Entry: C:\Users\Jacqueline\.p2\pool\plugins\javax.annotation_1.3.5.v20221112-0806.jar
2024-04-16 00:41:00,089 [Worker-145: Launching FileUploadServlet] INFO  o.e.m.i.launch.MavenLaunchDelegate - Run build in "C:\Users\Jacqueline\eclipse-workspacev3\FileUploadServlet":
2024-04-16 00:41:00,094 [Worker-145: Launching FileUploadServlet] INFO  o.e.m.i.launch.MavenLaunchDelegate -  mvn  -B -Dstyle.color=always clean project
2024-04-16 00:41:22,432 [Worker-200: Launching Executing clean in C__Users_Jacqueline_eclipse-workspacev3_FileUploadServlet] INFO  o.e.m.i.launch.MavenLaunchDelegate - Run build in "C:\Users\Jacqueline\eclipse-workspacev3\FileUploadServlet":
2024-04-16 00:41:22,432 [Worker-200: Launching Executing clean in C__Users_Jacqueline_eclipse-workspacev3_FileUploadServlet] INFO  o.e.m.i.launch.MavenLaunchDelegate -  mvn  -B -Dstyle.color=always clean
2024-04-16 00:41:23,256 [Worker-145: Building] WARN  o.e.m.c.i.embedder.EclipseLogger - Using platform encoding (UTF-8 actually) to copy filtered resources, i.e. build is platform dependent!
2024-04-16 00:41:23,256 [Worker-145: Building] INFO  o.e.m.c.i.embedder.EclipseLogger - skip non existing resourceDirectory C:\Users\Jacqueline\eclipse-workspacev3\FileUploadServlet\src\main\resources
2024-04-16 00:41:23,256 [Worker-145: Building] WARN  o.e.m.c.i.embedder.EclipseLogger - Using platform encoding (UTF-8 actually) to copy filtered resources, i.e. build is platform dependent!
2024-04-16 00:41:23,257 [Worker-145: Building] INFO  o.e.m.c.i.embedder.EclipseLogger - skip non existing resourceDirectory C:\Users\Jacqueline\eclipse-workspacev3\FileUploadServlet\src\test\resources
2024-04-16 00:41:23,257 [Worker-145: Building] INFO  o.e.m.w.i.f.ResourceFilteringBuildParticipant - Changed resources require a complete clean of filtered resources of FileUploadServlet
2024-04-16 00:41:23,257 [Worker-145: Building] INFO  o.e.m.w.i.f.ResourceFilteringBuildParticipant - Executing resource filtering for FileUploadServlet
2024-04-16 00:41:23,822 [Worker-145: Building] WARN  o.e.m.c.i.embedder.EclipseLogger - Using platform encoding (UTF-8 actually) to copy filtered resources, i.e. build is platform dependent!
2024-04-16 00:41:27,530 [main] INFO  o.e.m2e.actions.ExecutePomAction - Using existing launch configuration
2024-04-16 00:41:27,552 [Worker-126: Launching FileUploadServlet] INFO  o.e.m.i.launch.MavenLaunchDelegate - Run build in "C:\Users\Jacqueline\eclipse-workspacev3\FileUploadServlet":
2024-04-16 00:41:27,552 [Worker-126: Launching FileUploadServlet] INFO  o.e.m.i.launch.MavenLaunchDelegate -  mvn  -B -Dstyle.color=always clean project
2024-04-16 00:41:33,576 [Worker-200: Launching Executing clean in C__Users_Jacqueline_eclipse-workspacev3_FileUploadServlet] INFO  o.e.m.i.launch.MavenLaunchDelegate - Run build in "C:\Users\Jacqueline\eclipse-workspacev3\FileUploadServlet":
2024-04-16 00:41:33,576 [Worker-200: Launching Executing clean in C__Users_Jacqueline_eclipse-workspacev3_FileUploadServlet] INFO  o.e.m.i.launch.MavenLaunchDelegate -  mvn  -B -Dstyle.color=always clean
2024-04-16 00:41:34,390 [Worker-187: Building] WARN  o.e.m.c.i.embedder.EclipseLogger - Using platform encoding (UTF-8 actually) to copy filtered resources, i.e. build is platform dependent!
2024-04-16 00:41:34,391 [Worker-187: Building] INFO  o.e.m.c.i.embedder.EclipseLogger - skip non existing resourceDirectory C:\Users\Jacqueline\eclipse-workspacev3\FileUploadServlet\src\main\resources
2024-04-16 00:41:34,391 [Worker-187: Building] WARN  o.e.m.c.i.embedder.EclipseLogger - Using platform encoding (UTF-8 actually) to copy filtered resources, i.e. build is platform dependent!
2024-04-16 00:41:34,391 [Worker-187: Building] INFO  o.e.m.c.i.embedder.EclipseLogger - skip non existing resourceDirectory C:\Users\Jacqueline\eclipse-workspacev3\FileUploadServlet\src\test\resources
2024-04-16 00:41:34,391 [Worker-187: Building] INFO  o.e.m.w.i.f.ResourceFilteringBuildParticipant - Changed resources require a complete clean of filtered resources of FileUploadServlet
2024-04-16 00:41:34,392 [Worker-187: Building] INFO  o.e.m.w.i.f.ResourceFilteringBuildParticipant - Executing resource filtering for FileUploadServlet
2024-04-16 00:41:34,392 [Worker-187: Building] WARN  o.e.m.c.i.embedder.EclipseLogger - Using platform encoding (UTF-8 actually) to copy filtered resources, i.e. build is platform dependent!
2024-04-16 00:41:49,939 [main] INFO  o.e.m2e.actions.ExecutePomAction - Creating new launch configuration
2024-04-16 00:42:03,224 [Worker-145: Launching FileUploadServlet (1)] INFO  o.e.m.i.launch.MavenLaunchDelegate - Run build in "C:\Users\Jacqueline\eclipse-workspacev3\FileUploadServlet":
2024-04-16 00:42:03,224 [Worker-145: Launching FileUploadServlet (1)] INFO  o.e.m.i.launch.MavenLaunchDelegate -  mvn  -B -Dstyle.color=always clean project
2024-04-16 00:42:13,457 [Worker-221: Launching Executing clean in C__Users_Jacqueline_eclipse-workspacev3_FileUploadServlet] INFO  o.e.m.i.launch.MavenLaunchDelegate - Run build in "C:\Users\Jacqueline\eclipse-workspacev3\FileUploadServlet":
2024-04-16 00:42:13,457 [Worker-221: Launching Executing clean in C__Users_Jacqueline_eclipse-workspacev3_FileUploadServlet] INFO  o.e.m.i.launch.MavenLaunchDelegate -  mvn  -B -Dstyle.color=always clean
2024-04-16 00:42:14,259 [Worker-158: Building] WARN  o.e.m.c.i.embedder.EclipseLogger - Using platform encoding (UTF-8 actually) to copy filtered resources, i.e. build is platform dependent!
2024-04-16 00:42:14,259 [Worker-158: Building] INFO  o.e.m.c.i.embedder.EclipseLogger - skip non existing resourceDirectory C:\Users\Jacqueline\eclipse-workspacev3\FileUploadServlet\src\main\resources
2024-04-16 00:42:14,260 [Worker-158: Building] WARN  o.e.m.c.i.embedder.EclipseLogger - Using platform encoding (UTF-8 actually) to copy filtered resources, i.e. build is platform dependent!
2024-04-16 00:42:14,260 [Worker-158: Building] INFO  o.e.m.c.i.embedder.EclipseLogger - skip non existing resourceDirectory C:\Users\Jacqueline\eclipse-workspacev3\FileUploadServlet\src\test\resources
2024-04-16 00:42:14,260 [Worker-158: Building] INFO  o.e.m.w.i.f.ResourceFilteringBuildParticipant - Changed resources require a complete clean of filtered resources of FileUploadServlet
2024-04-16 00:42:14,260 [Worker-158: Building] INFO  o.e.m.w.i.f.ResourceFilteringBuildParticipant - Executing resource filtering for FileUploadServlet
2024-04-16 00:42:14,261 [Worker-158: Building] WARN  o.e.m.c.i.embedder.EclipseLogger - Using platform encoding (UTF-8 actually) to copy filtered resources, i.e. build is platform dependent!
2024-04-16 00:42:57,522 [Worker-145: Building] WARN  o.e.m.c.i.embedder.EclipseLogger - Using platform encoding (UTF-8 actually) to copy filtered resources, i.e. build is platform dependent!
2024-04-16 00:42:57,522 [Worker-145: Building] INFO  o.e.m.c.i.embedder.EclipseLogger - skip non existing resourceDirectory C:\Users\Jacqueline\eclipse-workspacev3\FileUploadServlet\src\main\resources
2024-04-16 00:42:57,523 [Worker-145: Building] WARN  o.e.m.c.i.embedder.EclipseLogger - Using platform encoding (UTF-8 actually) to copy filtered resources, i.e. build is platform dependent!
2024-04-16 00:42:57,523 [Worker-145: Building] INFO  o.e.m.c.i.embedder.EclipseLogger - skip non existing resourceDirectory C:\Users\Jacqueline\eclipse-workspacev3\FileUploadServlet\src\test\resources
2024-04-16 00:43:21,013 [Worker-126: Launching Executing clean in C__Users_Jacqueline_eclipse-workspacev3_FileUploadServlet] INFO  o.e.m.i.launch.MavenLaunchDelegate - Run build in "C:\Users\Jacqueline\eclipse-workspacev3\FileUploadServlet":
2024-04-16 00:43:21,013 [Worker-126: Launching Executing clean in C__Users_Jacqueline_eclipse-workspacev3_FileUploadServlet] INFO  o.e.m.i.launch.MavenLaunchDelegate -  mvn  -B -Dstyle.color=always clean
2024-04-16 00:43:21,851 [Worker-200: Building] WARN  o.e.m.c.i.embedder.EclipseLogger - Using platform encoding (UTF-8 actually) to copy filtered resources, i.e. build is platform dependent!
2024-04-16 00:43:21,851 [Worker-200: Building] INFO  o.e.m.c.i.embedder.EclipseLogger - skip non existing resourceDirectory C:\Users\Jacqueline\eclipse-workspacev3\FileUploadServlet\src\main\resources
2024-04-16 00:43:21,852 [Worker-200: Building] WARN  o.e.m.c.i.embedder.EclipseLogger - Using platform encoding (UTF-8 actually) to copy filtered resources, i.e. build is platform dependent!
2024-04-16 00:43:21,852 [Worker-200: Building] INFO  o.e.m.c.i.embedder.EclipseLogger - skip non existing resourceDirectory C:\Users\Jacqueline\eclipse-workspacev3\FileUploadServlet\src\test\resources
2024-04-16 00:43:21,852 [Worker-200: Building] INFO  o.e.m.w.i.f.ResourceFilteringBuildParticipant - Changed resources require a complete clean of filtered resources of FileUploadServlet
2024-04-16 00:43:21,852 [Worker-200: Building] INFO  o.e.m.w.i.f.ResourceFilteringBuildParticipant - Executing resource filtering for FileUploadServlet
2024-04-16 00:43:21,853 [Worker-200: Building] WARN  o.e.m.c.i.embedder.EclipseLogger - Using platform encoding (UTF-8 actually) to copy filtered resources, i.e. build is platform dependent!
2024-04-16 00:43:26,228 [Worker-120: Launching Executing generate-sources in C__Users_Jacqueline_eclipse-workspacev3_FileUploadServlet] INFO  o.e.m.i.launch.MavenLaunchDelegate - Run build in "C:\Users\Jacqueline\eclipse-workspacev3\FileUploadServlet":
2024-04-16 00:43:26,228 [Worker-120: Launching Executing generate-sources in C__Users_Jacqueline_eclipse-workspacev3_FileUploadServlet] INFO  o.e.m.i.launch.MavenLaunchDelegate -  mvn  -B -Dstyle.color=always generate-sources
2024-04-16 00:43:34,664 [Worker-145: Launching FileUploadServlet] INFO  o.e.m.i.launch.MavenLaunchDelegate - Run build in "C:\Users\Jacqueline\eclipse-workspacev3\FileUploadServlet":
2024-04-16 00:43:34,664 [Worker-145: Launching FileUploadServlet] INFO  o.e.m.i.launch.MavenLaunchDelegate -  mvn  -B -Dstyle.color=always clean project
2024-04-16 00:43:44,172 [Worker-183: Launching Executing clean in C__Users_Jacqueline_eclipse-workspacev3_FileUploadServlet] INFO  o.e.m.i.launch.MavenLaunchDelegate - Run build in "C:\Users\Jacqueline\eclipse-workspacev3\FileUploadServlet":
2024-04-16 00:43:44,172 [Worker-183: Launching Executing clean in C__Users_Jacqueline_eclipse-workspacev3_FileUploadServlet] INFO  o.e.m.i.launch.MavenLaunchDelegate -  mvn  -B -Dstyle.color=always clean
2024-04-16 00:43:44,971 [Worker-200: Building] WARN  o.e.m.c.i.embedder.EclipseLogger - Using platform encoding (UTF-8 actually) to copy filtered resources, i.e. build is platform dependent!
2024-04-16 00:43:44,971 [Worker-200: Building] INFO  o.e.m.c.i.embedder.EclipseLogger - skip non existing resourceDirectory C:\Users\Jacqueline\eclipse-workspacev3\FileUploadServlet\src\main\resources
2024-04-16 00:43:44,972 [Worker-200: Building] WARN  o.e.m.c.i.embedder.EclipseLogger - Using platform encoding (UTF-8 actually) to copy filtered resources, i.e. build is platform dependent!
2024-04-16 00:43:44,972 [Worker-200: Building] INFO  o.e.m.c.i.embedder.EclipseLogger - skip non existing resourceDirectory C:\Users\Jacqueline\eclipse-workspacev3\FileUploadServlet\src\test\resources
2024-04-16 00:43:44,972 [Worker-200: Building] INFO  o.e.m.w.i.f.ResourceFilteringBuildParticipant - Changed resources require a complete clean of filtered resources of FileUploadServlet
2024-04-16 00:43:44,972 [Worker-200: Building] INFO  o.e.m.w.i.f.ResourceFilteringBuildParticipant - Executing resource filtering for FileUploadServlet
2024-04-16 00:43:44,973 [Worker-200: Building] WARN  o.e.m.c.i.embedder.EclipseLogger - Using platform encoding (UTF-8 actually) to copy filtered resources, i.e. build is platform dependent!
2024-04-16 00:43:53,861 [Worker-221: Launching Executing generate-sources in C__Users_Jacqueline_eclipse-workspacev3_FileUploadServlet] INFO  o.e.m.i.launch.MavenLaunchDelegate - Run build in "C:\Users\Jacqueline\eclipse-workspacev3\FileUploadServlet":
2024-04-16 00:43:53,861 [Worker-221: Launching Executing generate-sources in C__Users_Jacqueline_eclipse-workspacev3_FileUploadServlet] INFO  o.e.m.i.launch.MavenLaunchDelegate -  mvn  -B -Dstyle.color=always generate-sources
2024-04-16 00:44:21,570 [main] INFO  o.e.m2e.actions.ExecutePomAction - Creating new launch configuration
2024-04-16 00:45:36,771 [main] INFO  o.e.m2e.actions.ExecutePomAction - Creating new launch configuration
2024-04-16 00:45:48,871 [Worker-221: Launching FileUploadServlet] INFO  o.e.m.i.launch.MavenLaunchDelegate - Run build in "C:\Users\Jacqueline\eclipse-workspacev3\FileUploadServlet":
2024-04-16 00:45:48,872 [Worker-221: Launching FileUploadServlet] INFO  o.e.m.i.launch.MavenLaunchDelegate -  mvn  -B -Dstyle.color=always clean project
2024-04-16 00:46:02,042 [Worker-198: Launching Executing clean in C__Users_Jacqueline_eclipse-workspacev3_FileUploadServlet] INFO  o.e.m.i.launch.MavenLaunchDelegate - Run build in "C:\Users\Jacqueline\eclipse-workspacev3\FileUploadServlet":
2024-04-16 00:46:02,042 [Worker-198: Launching Executing clean in C__Users_Jacqueline_eclipse-workspacev3_FileUploadServlet] INFO  o.e.m.i.launch.MavenLaunchDelegate -  mvn  -B -Dstyle.color=always clean
2024-04-16 00:46:02,839 [Worker-221: Building] WARN  o.e.m.c.i.embedder.EclipseLogger - Using platform encoding (UTF-8 actually) to copy filtered resources, i.e. build is platform dependent!
2024-04-16 00:46:02,840 [Worker-221: Building] INFO  o.e.m.c.i.embedder.EclipseLogger - skip non existing resourceDirectory C:\Users\Jacqueline\eclipse-workspacev3\FileUploadServlet\src\main\resources
2024-04-16 00:46:02,840 [Worker-221: Building] WARN  o.e.m.c.i.embedder.EclipseLogger - Using platform encoding (UTF-8 actually) to copy filtered resources, i.e. build is platform dependent!
2024-04-16 00:46:02,840 [Worker-221: Building] INFO  o.e.m.c.i.embedder.EclipseLogger - skip non existing resourceDirectory C:\Users\Jacqueline\eclipse-workspacev3\FileUploadServlet\src\test\resources
2024-04-16 00:46:02,841 [Worker-221: Building] INFO  o.e.m.w.i.f.ResourceFilteringBuildParticipant - Changed resources require a complete clean of filtered resources of FileUploadServlet
2024-04-16 00:46:02,841 [Worker-221: Building] INFO  o.e.m.w.i.f.ResourceFilteringBuildParticipant - Executing resource filtering for FileUploadServlet
2024-04-16 00:46:02,841 [Worker-221: Building] WARN  o.e.m.c.i.embedder.EclipseLogger - Using platform encoding (UTF-8 actually) to copy filtered resources, i.e. build is platform dependent!
2024-04-16 00:46:07,836 [Worker-221: Launching Executing generate-sources in C__Users_Jacqueline_eclipse-workspacev3_FileUploadServlet] INFO  o.e.m.i.launch.MavenLaunchDelegate - Run build in "C:\Users\Jacqueline\eclipse-workspacev3\FileUploadServlet":
2024-04-16 00:46:07,836 [Worker-221: Launching Executing generate-sources in C__Users_Jacqueline_eclipse-workspacev3_FileUploadServlet] INFO  o.e.m.i.launch.MavenLaunchDelegate -  mvn  -B -Dstyle.color=always generate-sources
2024-04-16 00:46:22,265 [main] INFO  o.e.m2e.actions.ExecutePomAction - Creating new launch configuration
2024-04-16 00:48:38,754 [Worker-4: Loading available Gradle versions] INFO  o.e.b.c.i.u.g.PublishedGradleVersions - Gradle version information cache is up-to-date. Trying to read.
2024-04-16 00:54:49,780 [main] INFO  o.e.m2e.actions.ExecutePomAction - Creating new launch configuration
2024-04-16 00:55:07,179 [main] INFO  o.e.m2e.actions.ExecutePomAction - Creating new launch configuration
2024-04-16 00:55:16,051 [Worker-213: Launching FileUploadServlet (6)] INFO  o.eclipse.m2e.core.internal.Bundles - getClasspathEntries(Bundle=org.eclipse.m2e.maven.runtime_3.8.604.20221130-2149 [603])
2024-04-16 00:55:16,058 [Worker-213: Launching FileUploadServlet (6)] INFO  o.eclipse.m2e.core.internal.Bundles - 	Entry: C:\Users\Jacqueline\.p2\pool\plugins\org.eclipse.m2e.maven.runtime_3.8.604.20221130-2149
2024-04-16 00:55:16,058 [Worker-213: Launching FileUploadServlet (6)] INFO  o.eclipse.m2e.core.internal.Bundles - 	Entry: C:\Users\Jacqueline\.p2\pool\plugins\org.eclipse.m2e.maven.runtime_3.8.604.20221130-2149\jars\aether-connector-okhttp-0.17.8.jar
2024-04-16 00:55:16,058 [Worker-213: Launching FileUploadServlet (6)] INFO  o.eclipse.m2e.core.internal.Bundles - 	Entry: C:\Users\Jacqueline\.p2\pool\plugins\org.eclipse.m2e.maven.runtime_3.8.604.20221130-2149\jars\commons-cli-1.4.jar
2024-04-16 00:55:16,058 [Worker-213: Launching FileUploadServlet (6)] INFO  o.eclipse.m2e.core.internal.Bundles - 	Entry: C:\Users\Jacqueline\.p2\pool\plugins\org.eclipse.m2e.maven.runtime_3.8.604.20221130-2149\jars\commons-io-2.6.jar
2024-04-16 00:55:16,058 [Worker-213: Launching FileUploadServlet (6)] INFO  o.eclipse.m2e.core.internal.Bundles - 	Entry: C:\Users\Jacqueline\.p2\pool\plugins\org.eclipse.m2e.maven.runtime_3.8.604.20221130-2149\jars\commons-lang3-3.8.1.jar
2024-04-16 00:55:16,058 [Worker-213: Launching FileUploadServlet (6)] INFO  o.eclipse.m2e.core.internal.Bundles - 	Entry: C:\Users\Jacqueline\.p2\pool\plugins\org.eclipse.m2e.maven.runtime_3.8.604.20221130-2149\jars\guice-4.2.2-no_aop.jar
2024-04-16 00:55:16,058 [Worker-213: Launching FileUploadServlet (6)] INFO  o.eclipse.m2e.core.internal.Bundles - 	Entry: C:\Users\Jacqueline\.p2\pool\plugins\org.eclipse.m2e.maven.runtime_3.8.604.20221130-2149\jars\jansi-2.4.0.jar
2024-04-16 00:55:16,058 [Worker-213: Launching FileUploadServlet (6)] INFO  o.eclipse.m2e.core.internal.Bundles - 	Entry: C:\Users\Jacqueline\.p2\pool\plugins\org.eclipse.m2e.maven.runtime_3.8.604.20221130-2149\jars\maven-artifact-3.8.6.jar
2024-04-16 00:55:16,058 [Worker-213: Launching FileUploadServlet (6)] INFO  o.eclipse.m2e.core.internal.Bundles - 	Entry: C:\Users\Jacqueline\.p2\pool\plugins\org.eclipse.m2e.maven.runtime_3.8.604.20221130-2149\jars\maven-builder-support-3.8.6.jar
2024-04-16 00:55:16,058 [Worker-213: Launching FileUploadServlet (6)] INFO  o.eclipse.m2e.core.internal.Bundles - 	Entry: C:\Users\Jacqueline\.p2\pool\plugins\org.eclipse.m2e.maven.runtime_3.8.604.20221130-2149\jars\maven-compat-3.8.6.jar
2024-04-16 00:55:16,058 [Worker-213: Launching FileUploadServlet (6)] INFO  o.eclipse.m2e.core.internal.Bundles - 	Entry: C:\Users\Jacqueline\.p2\pool\plugins\org.eclipse.m2e.maven.runtime_3.8.604.20221130-2149\jars\maven-core-3.8.6.jar
2024-04-16 00:55:16,058 [Worker-213: Launching FileUploadServlet (6)] INFO  o.eclipse.m2e.core.internal.Bundles - 	Entry: C:\Users\Jacqueline\.p2\pool\plugins\org.eclipse.m2e.maven.runtime_3.8.604.20221130-2149\jars\maven-embedder-3.8.6.jar
2024-04-16 00:55:16,058 [Worker-213: Launching FileUploadServlet (6)] INFO  o.eclipse.m2e.core.internal.Bundles - 	Entry: C:\Users\Jacqueline\.p2\pool\plugins\org.eclipse.m2e.maven.runtime_3.8.604.20221130-2149\jars\maven-model-3.8.6.jar
2024-04-16 00:55:16,058 [Worker-213: Launching FileUploadServlet (6)] INFO  o.eclipse.m2e.core.internal.Bundles - 	Entry: C:\Users\Jacqueline\.p2\pool\plugins\org.eclipse.m2e.maven.runtime_3.8.604.20221130-2149\jars\maven-model-builder-3.8.6.jar
2024-04-16 00:55:16,058 [Worker-213: Launching FileUploadServlet (6)] INFO  o.eclipse.m2e.core.internal.Bundles - 	Entry: C:\Users\Jacqueline\.p2\pool\plugins\org.eclipse.m2e.maven.runtime_3.8.604.20221130-2149\jars\maven-plugin-api-3.8.6.jar
2024-04-16 00:55:16,058 [Worker-213: Launching FileUploadServlet (6)] INFO  o.eclipse.m2e.core.internal.Bundles - 	Entry: C:\Users\Jacqueline\.p2\pool\plugins\org.eclipse.m2e.maven.runtime_3.8.604.20221130-2149\jars\maven-repository-metadata-3.8.6.jar
2024-04-16 00:55:16,058 [Worker-213: Launching FileUploadServlet (6)] INFO  o.eclipse.m2e.core.internal.Bundles - 	Entry: C:\Users\Jacqueline\.p2\pool\plugins\org.eclipse.m2e.maven.runtime_3.8.604.20221130-2149\jars\maven-resolver-api-1.6.3.jar
2024-04-16 00:55:16,059 [Worker-213: Launching FileUploadServlet (6)] INFO  o.eclipse.m2e.core.internal.Bundles - 	Entry: C:\Users\Jacqueline\.p2\pool\plugins\org.eclipse.m2e.maven.runtime_3.8.604.20221130-2149\jars\maven-resolver-connector-basic-1.6.3.jar
2024-04-16 00:55:16,059 [Worker-213: Launching FileUploadServlet (6)] INFO  o.eclipse.m2e.core.internal.Bundles - 	Entry: C:\Users\Jacqueline\.p2\pool\plugins\org.eclipse.m2e.maven.runtime_3.8.604.20221130-2149\jars\maven-resolver-impl-1.6.3.jar
2024-04-16 00:55:16,059 [Worker-213: Launching FileUploadServlet (6)] INFO  o.eclipse.m2e.core.internal.Bundles - 	Entry: C:\Users\Jacqueline\.p2\pool\plugins\org.eclipse.m2e.maven.runtime_3.8.604.20221130-2149\jars\maven-resolver-provider-3.8.6.jar
2024-04-16 00:55:16,059 [Worker-213: Launching FileUploadServlet (6)] INFO  o.eclipse.m2e.core.internal.Bundles - 	Entry: C:\Users\Jacqueline\.p2\pool\plugins\org.eclipse.m2e.maven.runtime_3.8.604.20221130-2149\jars\maven-resolver-spi-1.6.3.jar
2024-04-16 00:55:16,059 [Worker-213: Launching FileUploadServlet (6)] INFO  o.eclipse.m2e.core.internal.Bundles - 	Entry: C:\Users\Jacqueline\.p2\pool\plugins\org.eclipse.m2e.maven.runtime_3.8.604.20221130-2149\jars\maven-resolver-transport-wagon-1.6.3.jar
2024-04-16 00:55:16,059 [Worker-213: Launching FileUploadServlet (6)] INFO  o.eclipse.m2e.core.internal.Bundles - 	Entry: C:\Users\Jacqueline\.p2\pool\plugins\org.eclipse.m2e.maven.runtime_3.8.604.20221130-2149\jars\maven-resolver-util-1.6.3.jar
2024-04-16 00:55:16,059 [Worker-213: Launching FileUploadServlet (6)] INFO  o.eclipse.m2e.core.internal.Bundles - 	Entry: C:\Users\Jacqueline\.p2\pool\plugins\org.eclipse.m2e.maven.runtime_3.8.604.20221130-2149\jars\maven-settings-3.8.6.jar
2024-04-16 00:55:16,059 [Worker-213: Launching FileUploadServlet (6)] INFO  o.eclipse.m2e.core.internal.Bundles - 	Entry: C:\Users\Jacqueline\.p2\pool\plugins\org.eclipse.m2e.maven.runtime_3.8.604.20221130-2149\jars\maven-settings-builder-3.8.6.jar
2024-04-16 00:55:16,059 [Worker-213: Launching FileUploadServlet (6)] INFO  o.eclipse.m2e.core.internal.Bundles - 	Entry: C:\Users\Jacqueline\.p2\pool\plugins\org.eclipse.m2e.maven.runtime_3.8.604.20221130-2149\jars\maven-shared-utils-3.3.4.jar
2024-04-16 00:55:16,059 [Worker-213: Launching FileUploadServlet (6)] INFO  o.eclipse.m2e.core.internal.Bundles - 	Entry: C:\Users\Jacqueline\.p2\pool\plugins\org.eclipse.m2e.maven.runtime_3.8.604.20221130-2149\jars\okhttp-3.14.1.jar
2024-04-16 00:55:16,059 [Worker-213: Launching FileUploadServlet (6)] INFO  o.eclipse.m2e.core.internal.Bundles - 	Entry: C:\Users\Jacqueline\.p2\pool\plugins\org.eclipse.m2e.maven.runtime_3.8.604.20221130-2149\jars\okio-1.17.3.jar
2024-04-16 00:55:16,059 [Worker-213: Launching FileUploadServlet (6)] INFO  o.eclipse.m2e.core.internal.Bundles - 	Entry: C:\Users\Jacqueline\.p2\pool\plugins\org.eclipse.m2e.maven.runtime_3.8.604.20221130-2149\jars\org.eclipse.sisu.inject-0.3.5.jar
2024-04-16 00:55:16,059 [Worker-213: Launching FileUploadServlet (6)] INFO  o.eclipse.m2e.core.internal.Bundles - 	Entry: C:\Users\Jacqueline\.p2\pool\plugins\org.eclipse.m2e.maven.runtime_3.8.604.20221130-2149\jars\org.eclipse.sisu.plexus-0.3.5.jar
2024-04-16 00:55:16,059 [Worker-213: Launching FileUploadServlet (6)] INFO  o.eclipse.m2e.core.internal.Bundles - 	Entry: C:\Users\Jacqueline\.p2\pool\plugins\org.eclipse.m2e.maven.runtime_3.8.604.20221130-2149\jars\plexus-build-api-0.0.7.jar
2024-04-16 00:55:16,059 [Worker-213: Launching FileUploadServlet (6)] INFO  o.eclipse.m2e.core.internal.Bundles - 	Entry: C:\Users\Jacqueline\.p2\pool\plugins\org.eclipse.m2e.maven.runtime_3.8.604.20221130-2149\jars\plexus-cipher-2.0.jar
2024-04-16 00:55:16,059 [Worker-213: Launching FileUploadServlet (6)] INFO  o.eclipse.m2e.core.internal.Bundles - 	Entry: C:\Users\Jacqueline\.p2\pool\plugins\org.eclipse.m2e.maven.runtime_3.8.604.20221130-2149\jars\plexus-classworlds-2.6.0.jar
2024-04-16 00:55:16,059 [Worker-213: Launching FileUploadServlet (6)] INFO  o.eclipse.m2e.core.internal.Bundles - 	Entry: C:\Users\Jacqueline\.p2\pool\plugins\org.eclipse.m2e.maven.runtime_3.8.604.20221130-2149\jars\plexus-component-annotations-2.1.0.jar
2024-04-16 00:55:16,059 [Worker-213: Launching FileUploadServlet (6)] INFO  o.eclipse.m2e.core.internal.Bundles - 	Entry: C:\Users\Jacqueline\.p2\pool\plugins\org.eclipse.m2e.maven.runtime_3.8.604.20221130-2149\jars\plexus-interpolation-1.26.jar
2024-04-16 00:55:16,059 [Worker-213: Launching FileUploadServlet (6)] INFO  o.eclipse.m2e.core.internal.Bundles - 	Entry: C:\Users\Jacqueline\.p2\pool\plugins\org.eclipse.m2e.maven.runtime_3.8.604.20221130-2149\jars\plexus-sec-dispatcher-2.0.jar
2024-04-16 00:55:16,059 [Worker-213: Launching FileUploadServlet (6)] INFO  o.eclipse.m2e.core.internal.Bundles - 	Entry: C:\Users\Jacqueline\.p2\pool\plugins\org.eclipse.m2e.maven.runtime_3.8.604.20221130-2149\jars\plexus-utils-3.3.1.jar
2024-04-16 00:55:16,060 [Worker-213: Launching FileUploadServlet (6)] INFO  o.eclipse.m2e.core.internal.Bundles - 	Entry: C:\Users\Jacqueline\.p2\pool\plugins\org.eclipse.m2e.maven.runtime_3.8.604.20221130-2149\jars\wagon-file-3.5.1.jar
2024-04-16 00:55:16,060 [Worker-213: Launching FileUploadServlet (6)] INFO  o.eclipse.m2e.core.internal.Bundles - 	Entry: C:\Users\Jacqueline\.p2\pool\plugins\org.eclipse.m2e.maven.runtime_3.8.604.20221130-2149\jars\wagon-provider-api-3.5.1.jar
2024-04-16 00:55:16,060 [Worker-213: Launching FileUploadServlet (6)] INFO  o.eclipse.m2e.core.internal.Bundles - getClasspathEntries(Bundle=com.google.guava_30.1.0.v20221112-0806 [10])
2024-04-16 00:55:16,061 [Worker-213: Launching FileUploadServlet (6)] INFO  o.eclipse.m2e.core.internal.Bundles - 	Entry: C:\Users\Jacqueline\.p2\pool\plugins\com.google.guava_30.1.0.v20221112-0806.jar
2024-04-16 00:55:16,061 [Worker-213: Launching FileUploadServlet (6)] INFO  o.eclipse.m2e.core.internal.Bundles - getClasspathEntries(Bundle=slf4j.api_1.7.36 [915])
2024-04-16 00:55:16,061 [Worker-213: Launching FileUploadServlet (6)] INFO  o.eclipse.m2e.core.internal.Bundles - 	Entry: C:\Users\Jacqueline\.p2\pool\plugins\slf4j.api_1.7.36.jar
2024-04-16 00:55:16,061 [Worker-213: Launching FileUploadServlet (6)] INFO  o.eclipse.m2e.core.internal.Bundles - getClasspathEntries(Bundle=javax.inject_1.0.0.v20220405-0441 [32])
2024-04-16 00:55:16,061 [Worker-213: Launching FileUploadServlet (6)] INFO  o.eclipse.m2e.core.internal.Bundles - 	Entry: C:\Users\Jacqueline\.p2\pool\plugins\javax.inject_1.0.0.v20220405-0441.jar
2024-04-16 00:55:16,061 [Worker-213: Launching FileUploadServlet (6)] INFO  o.eclipse.m2e.core.internal.Bundles - getClasspathEntries(Bundle=javax.annotation_1.3.5.v20221112-0806 [30])
2024-04-16 00:55:16,062 [Worker-213: Launching FileUploadServlet (6)] INFO  o.eclipse.m2e.core.internal.Bundles - 	Entry: C:\Users\Jacqueline\.p2\pool\plugins\javax.annotation_1.3.5.v20221112-0806.jar
2024-04-16 00:55:16,063 [Worker-213: Launching FileUploadServlet (6)] INFO  o.e.m.i.launch.MavenLaunchDelegate - Run build in "C:\Users\Jacqueline\eclipse-workspacev3\FileUploadServlet":
2024-04-16 00:55:16,064 [Worker-213: Launching FileUploadServlet (6)] INFO  o.e.m.i.launch.MavenLaunchDelegate -  mvn  -B -Dstyle.color=always clean package
2024-04-16 00:55:36,355 [Worker-176: Building] WARN  o.e.m.c.i.embedder.EclipseLogger - Using platform encoding (UTF-8 actually) to copy filtered resources, i.e. build is platform dependent!
2024-04-16 00:55:36,356 [Worker-176: Building] INFO  o.e.m.c.i.embedder.EclipseLogger - skip non existing resourceDirectory C:\Users\Jacqueline\eclipse-workspacev3\FileUploadServlet\src\main\resources
2024-04-16 00:55:36,357 [Worker-176: Building] WARN  o.e.m.c.i.embedder.EclipseLogger - Using platform encoding (UTF-8 actually) to copy filtered resources, i.e. build is platform dependent!
2024-04-16 00:55:36,358 [Worker-176: Building] INFO  o.e.m.c.i.embedder.EclipseLogger - skip non existing resourceDirectory C:\Users\Jacqueline\eclipse-workspacev3\FileUploadServlet\src\test\resources
2024-04-16 00:55:41,798 [Worker-214: Building] WARN  o.e.m.c.i.embedder.EclipseLogger - Using platform encoding (UTF-8 actually) to copy filtered resources, i.e. build is platform dependent!
2024-04-16 00:55:41,798 [Worker-214: Building] INFO  o.e.m.c.i.embedder.EclipseLogger - skip non existing resourceDirectory C:\Users\Jacqueline\eclipse-workspacev3\FileUploadServlet\src\main\resources
2024-04-16 00:55:41,798 [Worker-214: Building] WARN  o.e.m.c.i.embedder.EclipseLogger - Using platform encoding (UTF-8 actually) to copy filtered resources, i.e. build is platform dependent!
2024-04-16 00:55:41,799 [Worker-214: Building] INFO  o.e.m.c.i.embedder.EclipseLogger - skip non existing resourceDirectory C:\Users\Jacqueline\eclipse-workspacev3\FileUploadServlet\src\test\resources
2024-04-16 01:42:04,152 [Worker-178: Launching Executing clean in C__Users_Jacqueline_eclipse-workspacev3_FileUploadServlet] INFO  o.e.m.i.launch.MavenLaunchDelegate - Run build in "C:\Users\Jacqueline\eclipse-workspacev3\FileUploadServlet":
2024-04-16 01:42:04,152 [Worker-178: Launching Executing clean in C__Users_Jacqueline_eclipse-workspacev3_FileUploadServlet] INFO  o.e.m.i.launch.MavenLaunchDelegate -  mvn  -B -Dstyle.color=always clean
2024-04-16 01:42:04,969 [Worker-219: Building] WARN  o.e.m.c.i.embedder.EclipseLogger - Using platform encoding (UTF-8 actually) to copy filtered resources, i.e. build is platform dependent!
2024-04-16 01:42:04,970 [Worker-219: Building] INFO  o.e.m.c.i.embedder.EclipseLogger - skip non existing resourceDirectory C:\Users\Jacqueline\eclipse-workspacev3\FileUploadServlet\src\main\resources
2024-04-16 01:42:04,971 [Worker-219: Building] WARN  o.e.m.c.i.embedder.EclipseLogger - Using platform encoding (UTF-8 actually) to copy filtered resources, i.e. build is platform dependent!
2024-04-16 01:42:04,971 [Worker-219: Building] INFO  o.e.m.c.i.embedder.EclipseLogger - skip non existing resourceDirectory C:\Users\Jacqueline\eclipse-workspacev3\FileUploadServlet\src\test\resources
2024-04-16 01:42:04,971 [Worker-219: Building] INFO  o.e.m.w.i.f.ResourceFilteringBuildParticipant - Changed resources require a complete clean of filtered resources of FileUploadServlet
2024-04-16 01:42:04,972 [Worker-219: Building] INFO  o.e.m.w.i.f.ResourceFilteringBuildParticipant - Executing resource filtering for FileUploadServlet
2024-04-16 01:42:05,030 [Worker-219: Building] WARN  o.e.m.c.i.embedder.EclipseLogger - Using platform encoding (UTF-8 actually) to copy filtered resources, i.e. build is platform dependent!
2024-04-16 01:42:10,124 [Worker-218: Launching Executing generate-sources in C__Users_Jacqueline_eclipse-workspacev3_FileUploadServlet] INFO  o.e.m.i.launch.MavenLaunchDelegate - Run build in "C:\Users\Jacqueline\eclipse-workspacev3\FileUploadServlet":
2024-04-16 01:42:10,124 [Worker-218: Launching Executing generate-sources in C__Users_Jacqueline_eclipse-workspacev3_FileUploadServlet] INFO  o.e.m.i.launch.MavenLaunchDelegate -  mvn  -B -Dstyle.color=always generate-sources
2024-04-16 01:42:40,285 [main] INFO  o.e.m2e.actions.ExecutePomAction - Creating new launch configuration
2024-04-16 01:44:26,776 [Worker-220: Launching FileUploadServlet (7)] INFO  o.e.m.i.launch.MavenLaunchDelegate - Run build in "C:\Users\Jacqueline\eclipse-workspacev3\FileUploadServlet":
2024-04-16 01:44:26,776 [Worker-220: Launching FileUploadServlet (7)] INFO  o.e.m.i.launch.MavenLaunchDelegate -  mvn  -B -Dstyle.color=always 
2024-04-16 01:44:38,280 [Worker-221: Launching Executing clean in C__Users_Jacqueline_eclipse-workspacev3_FileUploadServlet] INFO  o.e.m.i.launch.MavenLaunchDelegate - Run build in "C:\Users\Jacqueline\eclipse-workspacev3\FileUploadServlet":
2024-04-16 01:44:38,280 [Worker-221: Launching Executing clean in C__Users_Jacqueline_eclipse-workspacev3_FileUploadServlet] INFO  o.e.m.i.launch.MavenLaunchDelegate -  mvn  -B -Dstyle.color=always clean
2024-04-16 01:44:39,135 [Worker-221: Building] WARN  o.e.m.c.i.embedder.EclipseLogger - Using platform encoding (UTF-8 actually) to copy filtered resources, i.e. build is platform dependent!
2024-04-16 01:44:39,136 [Worker-221: Building] INFO  o.e.m.c.i.embedder.EclipseLogger - skip non existing resourceDirectory C:\Users\Jacqueline\eclipse-workspacev3\FileUploadServlet\src\main\resources
2024-04-16 01:44:39,137 [Worker-221: Building] WARN  o.e.m.c.i.embedder.EclipseLogger - Using platform encoding (UTF-8 actually) to copy filtered resources, i.e. build is platform dependent!
2024-04-16 01:44:39,137 [Worker-221: Building] INFO  o.e.m.c.i.embedder.EclipseLogger - skip non existing resourceDirectory C:\Users\Jacqueline\eclipse-workspacev3\FileUploadServlet\src\test\resources
2024-04-16 01:44:39,137 [Worker-221: Building] INFO  o.e.m.w.i.f.ResourceFilteringBuildParticipant - Changed resources require a complete clean of filtered resources of FileUploadServlet
2024-04-16 01:44:39,137 [Worker-221: Building] INFO  o.e.m.w.i.f.ResourceFilteringBuildParticipant - Executing resource filtering for FileUploadServlet
2024-04-16 01:44:39,142 [Worker-221: Building] WARN  o.e.m.c.i.embedder.EclipseLogger - Using platform encoding (UTF-8 actually) to copy filtered resources, i.e. build is platform dependent!
2024-04-16 01:44:43,373 [Worker-178: Launching Executing generate-sources in C__Users_Jacqueline_eclipse-workspacev3_FileUploadServlet] INFO  o.e.m.i.launch.MavenLaunchDelegate - Run build in "C:\Users\Jacqueline\eclipse-workspacev3\FileUploadServlet":
2024-04-16 01:44:43,373 [Worker-178: Launching Executing generate-sources in C__Users_Jacqueline_eclipse-workspacev3_FileUploadServlet] INFO  o.e.m.i.launch.MavenLaunchDelegate -  mvn  -B -Dstyle.color=always generate-sources
2024-04-16 01:44:50,622 [Worker-223: Launching FileUploadServlet (6)] INFO  o.e.m.i.launch.MavenLaunchDelegate - Run build in "C:\Users\Jacqueline\eclipse-workspacev3\FileUploadServlet":
2024-04-16 01:44:50,622 [Worker-223: Launching FileUploadServlet (6)] INFO  o.e.m.i.launch.MavenLaunchDelegate -  mvn  -B -Dstyle.color=always clean package
2024-04-16 01:45:53,540 [Worker-221: Building] WARN  o.e.m.c.i.embedder.EclipseLogger - Using platform encoding (UTF-8 actually) to copy filtered resources, i.e. build is platform dependent!
2024-04-16 01:45:53,541 [Worker-221: Building] INFO  o.e.m.c.i.embedder.EclipseLogger - skip non existing resourceDirectory C:\Users\Jacqueline\eclipse-workspacev3\FileUploadServlet\src\main\resources
2024-04-16 01:45:53,542 [Worker-221: Building] WARN  o.e.m.c.i.embedder.EclipseLogger - Using platform encoding (UTF-8 actually) to copy filtered resources, i.e. build is platform dependent!
2024-04-16 01:45:53,542 [Worker-221: Building] INFO  o.e.m.c.i.embedder.EclipseLogger - skip non existing resourceDirectory C:\Users\Jacqueline\eclipse-workspacev3\FileUploadServlet\src\test\resources
2024-04-16 01:45:53,542 [Worker-221: Building] INFO  o.e.m.w.i.f.ResourceFilteringBuildParticipant - Changed resources require a complete clean of filtered resources of FileUploadServlet
2024-04-16 01:45:53,542 [Worker-221: Building] INFO  o.e.m.w.i.f.ResourceFilteringBuildParticipant - Executing resource filtering for FileUploadServlet
2024-04-16 01:45:53,543 [Worker-221: Building] WARN  o.e.m.c.i.embedder.EclipseLogger - Using platform encoding (UTF-8 actually) to copy filtered resources, i.e. build is platform dependent!
